<?xml version="1.0" encoding="UTF-8"?>
<testsuite name="OSMParsing.OSMAddressTest" tests="2" skipped="0" failures="0" errors="0" timestamp="2025-09-29T18:58:37" hostname="Mac.hiper.dk" time="0.005">
  <properties/>
  <testcase name="constructorTest()" classname="OSMParsing.OSMAddressTest" time="0.004"/>
  <testcase name="getterSetterTest()" classname="OSMParsing.OSMAddressTest" time="0.0"/>
  <system-out><![CDATA[]]></system-out>
  <system-err><![CDATA[]]></system-err>
</testsuite>
