<?xml version="1.0" encoding="UTF-8"?>
<testsuite name="OSMParsing.OSMItemTest" tests="1" skipped="0" failures="0" errors="0" timestamp="2025-09-29T18:58:37" hostname="Mac.hiper.dk" time="0.001">
  <properties/>
  <testcase name="setIdTest()" classname="OSMParsing.OSMItemTest" time="0.001"/>
  <system-out><![CDATA[]]></system-out>
  <system-err><![CDATA[]]></system-err>
</testsuite>
