<?xml version="1.0" encoding="UTF-8"?>
<testsuite name="graph.routeFinderTest" tests="2" skipped="0" failures="0" errors="0" timestamp="2025-09-29T18:58:37" hostname="Mac.hiper.dk" time="0.007">
  <properties/>
  <testcase name="AstarTest()" classname="graph.routeFinderTest" time="0.006"/>
  <testcase name="DjikstraTest()" classname="graph.routeFinderTest" time="0.0"/>
  <system-out><![CDATA[]]></system-out>
  <system-err><![CDATA[]]></system-err>
</testsuite>
