<?xml version="1.0" encoding="UTF-8"?>
<testsuite name="graph.GraphTest" tests="3" skipped="0" failures="0" errors="0" timestamp="2025-09-29T18:58:37" hostname="Mac.hiper.dk" time="0.003">
  <properties/>
  <testcase name="getNearestVertexTest()" classname="graph.GraphTest" time="0.002"/>
  <testcase name="GraphVertexTest()" classname="graph.GraphTest" time="0.0"/>
  <testcase name="getRoadNameTest()" classname="graph.GraphTest" time="0.0"/>
  <system-out><![CDATA[]]></system-out>
  <system-err><![CDATA[]]></system-err>
</testsuite>
